0 0.000000 0.045413 -42.230923 -28.339840 4.000000 0.080199
1 0.003906 0.040420 -28.339840 -30.019623 4.000000 1.248112
2 0.007812 0.040649 -32.795250 -27.892521 4.000000 0.894343
3 0.011719 0.039463 -25.401806 -28.662933 4.000000 3.614823
4 0.015625 0.043015 -31.717516 -27.266367 4.000000 0.409897
5 0.019531 0.050958 -26.832968 -25.187698 4.000000 0.274891
6 0.023438 0.045558 -21.980000 -24.889753 4.000000 2.381062
7 0.027344 0.063646 -28.799036 -25.244656 4.000000 1.180576
8 0.031250 0.065347 -28.827520 -27.630199 4.000000 0.252272
9 0.035156 0.071345 -25.936647 -27.955032 4.000000 2.381882
10 0.039062 0.050738 -30.243664 -29.104511 4.000000 0.616179
11 0.042969 0.062915 -37.150322 -32.279518 4.000000 0.569045
12 0.046875 0.046937 -31.960627 -32.536743 4.000000 0.128286
13 0.050781 0.054117 -30.739820 -27.470514 4.000000 1.383452
14 0.054688 0.045075 -24.099268 -27.463530 4.000000 2.630472
15 0.058594 0.041102 -31.902044 -26.408253 4.000000 0.620835
16 0.062500 0.050942 -26.339323 -28.051428 4.000000 0.318532
17 0.066406 0.064896 -27.618889 -23.435427 4.000000 0.960669
18 0.070312 0.401839 -20.200930 -16.787142 4.000000 0.141995
19 0.074219 0.408665 -12.874633 -7.866440 4.000000 0.443887
20 0.078125 0.409394 -3.673576 -6.142420 4.000000 6.277740
21 0.082031 0.397303 -6.046993 -6.165871 4.000000 1.690021
22 0.085938 0.387095 -13.218522 -9.881463 4.000000 0.305300
23 0.089844 0.333015 -19.151949 -15.984569 4.000000 0.159952
24 0.093750 0.075542 -18.010925 -19.367668 4.000000 2.723918
25 0.097656 0.070381 -21.715664 -20.781359 4.000000 1.595442
26 0.101562 0.073701 -25.995234 -21.217121 4.000000 0.464310
27 0.105469 0.093087 -18.723558 -18.072800 4.000000 0.660405
28 0.109375 0.498484 -15.110951 -13.334172 4.000000 0.206744
29 0.113281 0.651006 -10.223725 -7.410287 4.000000 0.198139
30 0.117188 0.662970 -3.779782 -1.411850 4.000000 0.923980
31 0.121094 0.678428 2.184285 -1.552024 4.000000 16.467075
32 0.125000 0.677311 -15.826847 -2.480007 4.000000 0.086398
33 0.128906 0.681015 -18.217382 -18.127176 4.000000 0.062366
34 0.132812 0.118740 -23.046146 -20.200159 4.000000 1.875108
35 0.136719 0.072940 -20.647612 -21.654648 4.000000 2.548547
36 0.140625 0.079972 -21.597790 -21.753630 4.000000 0.585936
37 0.144531 0.078373 -23.470709 -19.813461 4.000000 0.066672
38 0.148438 0.079429 -17.011963 -19.703548 4.000000 2.360732
39 0.152344 0.074401 -21.121279 -19.675550 4.000000 1.641002
40 0.156250 0.074703 -23.274595 -22.138304 4.000000 0.607895
41 0.160156 0.074037 -22.286993 -24.418306 4.000000 3.171739
42 0.164062 0.058578 -36.277607 -26.803200 4.000000 0.009546
43 0.167969 0.062962 -39.152794 -33.948662 4.000000 0.025214
44 0.171875 0.039609 -30.698929 -26.742922 4.000000 0.512456
45 0.175781 0.044527 -22.693855 -26.079229 4.000000 8.195837
46 0.179688 0.050403 -29.317539 -26.079958 4.000000 0.360888
47 0.183594 0.050284 -30.705276 -28.245293 4.000000 0.322496
48 0.187500 0.048561 -26.067217 -28.730213 4.000000 1.930377
49 0.191406 0.064897 -31.577532 -27.299833 4.000000 0.288699
50 0.195312 0.054229 -26.165888 -25.001923 4.000000 1.111286
51 0.199219 0.055957 -21.958969 -24.472395 4.000000 3.310925
52 0.203125 0.059340 -27.155561 -24.710556 4.000000 0.299784
53 0.207031 0.052968 -27.337400 -26.347910 4.000000 0.991247
54 0.210938 0.043684 -24.969788 -27.225466 4.000000 1.354661
55 0.214844 0.042517 -31.854267 -27.586031 4.000000 0.104301
56 0.218750 0.052888 -28.559380 -28.367004 4.000000 0.578677
57 0.222656 0.062210 -26.338491 -24.699253 4.000000 0.602179
58 0.226562 0.067165 -21.904285 -23.158165 4.000000 1.742596
59 0.230469 0.067593 -22.422873 -21.885592 4.000000 1.223177
60 0.234375 0.070177 -21.390842 -23.566248 4.000000 3.135220
61 0.238281 0.064547 -36.699482 -24.861483 4.000000 0.180525
62 0.242188 0.101508 -26.343586 -27.407240 4.000000 0.466857
63 0.246094 0.088704 -25.353065 -22.586956 4.000000 0.295845
64 0.250000 0.102235 -19.469358 -18.771286 4.000000 1.300836
65 0.253906 0.105999 -15.918442 -18.308411 4.000000 3.972936
66 0.257812 0.103714 -21.311949 -18.602110 4.000000 0.569275
67 0.261719 0.108809 -20.755331 -21.926323 4.000000 0.787922
68 0.265625 0.080040 -24.613983 -21.849209 4.000000 1.149703
69 0.269531 0.080863 -21.113918 -23.777349 4.000000 1.363067
70 0.273438 0.067102 -28.608709 -23.757399 4.000000 0.293571
71 0.277344 0.068892 -24.541849 -23.782185 4.000000 0.755561
72 0.281250 0.055549 -21.154448 -23.380865 4.000000 5.298636
73 0.285156 0.059392 -25.861420 -24.510311 4.000000 0.648105
74 0.289062 0.059636 -34.436150 -27.180241 4.000000 0.081478
75 0.292969 0.043644 -25.545439 -27.496656 4.000000 2.636786
76 0.296875 0.049536 -26.595898 -26.743170 4.000000 1.185381
77 0.300781 0.056968 -28.627821 -26.893309 4.000000 0.560815
78 0.304688 0.058005 -25.895164 -23.954220 4.000000 1.029639
79 0.308594 0.060844 -20.901793 -23.780268 4.000000 3.061147
80 0.312500 0.063798 -27.293629 -23.716120 4.000000 0.427837
81 0.316406 0.068178 -25.590588 -24.887756 4.000000 0.729740
82 0.320312 0.049111 -22.915628 -24.987333 4.000000 2.559624
83 0.324219 0.050851 -27.840591 -25.003780 4.000000 0.711360
84 0.328125 0.053131 -25.647545 -27.779142 4.000000 1.038637
85 0.332031 0.046316 -31.976768 -28.223890 4.000000 0.465682
86 0.335938 0.040405 -29.365942 -29.956043 4.000000 0.779273
87 0.339844 0.037123 -29.069342 -28.568409 4.000000 0.733553
88 0.343750 0.032865 -27.507507 -28.485010 4.000000 3.540604
89 0.347656 0.036294 -29.072542 -29.387869 4.000000 0.913360
90 0.351562 0.046361 -33.557419 -28.524590 4.000000 0.058233
91 0.355469 0.048007 -25.960564 -29.038687 4.000000 1.227355
92 0.359375 0.053209 -31.148277 -25.090269 4.000000 0.276367
93 0.363281 0.060885 -22.226299 -25.425798 4.000000 1.577973
94 0.367188 0.057830 -27.342474 -23.463503 4.000000 0.555868
95 0.371094 0.058854 -22.456202 -24.606831 4.000000 1.568045
96 0.375000 0.059050 -25.434242 -25.372723 4.000000 1.297960
97 0.378906 0.072466 -37.830101 -25.705511 4.000000 0.048522
98 0.382812 0.063699 -22.977272 -24.155476 4.000000 1.087146
99 0.386719 0.063249 -21.992668 -22.601435 4.000000 2.053478
100 0.390625 0.059641 -22.905281 -23.761379 4.000000 1.823606
101 0.394531 0.050533 -29.298977 -26.021698 4.000000 0.335459
102 0.398438 0.060926 -29.206200 -29.852634 4.000000 0.187496
103 0.402344 0.063613 -31.379766 -26.565586 4.000000 0.150443
104 0.406250 0.073187 -23.290930 -22.740263 4.000000 0.918602
105 0.410156 0.070965 -19.768576 -21.220478 4.000000 2.688688
106 0.414062 0.072776 -21.298414 -21.549774 4.000000 1.157298
107 0.417969 0.073338 -25.180973 -24.194471 4.000000 0.783988
108 0.421875 0.059392 -30.126965 -26.258389 4.000000 0.614655
109 0.425781 0.058143 -25.091997 -28.028433 4.000000 0.748262
110 0.429688 0.061595 -31.827852 -25.005806 4.000000 0.152537
111 0.433594 0.062236 -22.424753 -23.110210 4.000000 1.787593
112 0.437500 0.080071 -20.819330 -22.582247 4.000000 1.768574
113 0.441406 0.084467 -25.932280 -21.647980 4.000000 0.461756
114 0.445312 0.085397 -20.134594 -22.643019 4.000000 1.740528
115 0.449219 0.068311 -23.896029 -22.368092 4.000000 0.674598
116 0.453125 0.070428 -24.415152 -24.525450 4.000000 0.758775
117 0.457031 0.066463 -25.396219 -24.846888 4.000000 0.425827
118 0.460938 0.070065 -24.785244 -25.609098 4.000000 0.408777
119 0.464844 0.071395 -26.911650 -22.650637 4.000000 0.481203
120 0.468750 0.068101 -19.611307 -22.376284 4.000000 3.499288
121 0.472656 0.072093 -23.580114 -22.309801 4.000000 0.593172
122 0.476562 0.075691 -26.375124 -25.884951 4.000000 0.391700
123 0.480469 0.074719 -29.793327 -23.915983 4.000000 0.340368
124 0.484375 0.059744 -20.543470 -24.718550 4.000000 5.153414
125 0.488281 0.063961 -36.029034 -23.493052 4.000000 0.092165
126 0.492188 0.062462 -23.616404 -24.965281 4.000000 1.215382
127 0.496094 0.061151 -23.041014 -23.319187 4.000000 2.566876
128 0.500000 0.062450 -31.103636 -23.041014 4.000000 0.311305
